Start testing: Jun 20 01:30 +0330
----------------------------------------------------------
1/6 Testing: runtime_manifest_test
1/6 Test: runtime_manifest_test
Command: "/Users/nimarafieimehr/gibical/argus/build/argus_runtime_manifest_test"
Directory: /Users/nimarafieimehr/gibical/argus/build
"runtime_manifest_test" start time: Jun 20 01:30 +0330
Output:
----------------------------------------------------------
runtime_manifest_test passed
<end of output>
Test time =   0.78 sec
----------------------------------------------------------
Test Passed.
"runtime_manifest_test" end time: Jun 20 01:30 +0330
"runtime_manifest_test" time elapsed: 00:00:00
----------------------------------------------------------

2/6 Testing: remux_muxer_test
2/6 Test: remux_muxer_test
Command: "/Users/nimarafieimehr/gibical/argus/build/argus_remux_muxer_test"
Directory: /Users/nimarafieimehr/gibical/argus/build
"remux_muxer_test" start time: Jun 20 01:30 +0330
Output:
----------------------------------------------------------
remux_muxer_test passed
<end of output>
Test time =   0.27 sec
----------------------------------------------------------
Test Passed.
"remux_muxer_test" end time: Jun 20 01:30 +0330
"remux_muxer_test" time elapsed: 00:00:00
----------------------------------------------------------

End testing: Jun 20 01:30 +0330
